[debug] [2026-04-23T21:29:08.451Z] ----------------------------------------------------------------------
[debug] [2026-04-23T21:29:08.454Z] Command:       C:\Program Files\nodejs\node.exe C:\Users\User\AppData\Local\npm-cache\_npx\7750544ccf494d8b\node_modules\firebase-tools\lib\bin\firebase.js projects:create gollab-academy-2026 --display-name GolLab Academy
[debug] [2026-04-23T21:29:08.454Z] CLI Version:   15.15.0
[debug] [2026-04-23T21:29:08.455Z] Platform:      win32
[debug] [2026-04-23T21:29:08.455Z] Node Version:  v24.15.0
[debug] [2026-04-23T21:29:08.455Z] Time:          Thu Apr 23 2026 23:29:08 GMT+0200 (Central European Summer Time)
[debug] [2026-04-23T21:29:08.455Z] ----------------------------------------------------------------------
[debug] 
[debug] [2026-04-23T21:29:08.457Z] >>> [apiv2][query] GET https://firebase-public.firebaseio.com/cli.json [none]
[debug] [2026-04-23T21:29:08.496Z] > command requires scopes: ["email","openid","https://www.googleapis.com/auth/cloudplatformprojects.readonly","https://www.googleapis.com/auth/firebase","https://www.googleapis.com/auth/cloud-platform"]
[debug] [2026-04-23T21:29:08.496Z] > authorizing via signed-in user (anisazadrima@gmail.com)
[debug] [2026-04-23T21:29:08.499Z] Checked if tokens are valid: true, expires at: 1776983190713
[debug] [2026-04-23T21:29:08.499Z] Checked if tokens are valid: true, expires at: 1776983190713
[debug] [2026-04-23T21:29:08.500Z] >>> [apiv2][query] POST https://cloudresourcemanager.googleapis.com/v1/projects [none]
[debug] [2026-04-23T21:29:08.500Z] >>> [apiv2][body] POST https://cloudresourcemanager.googleapis.com/v1/projects {"projectId":"gollab-academy-2026","name":"GolLab Academy"}
[debug] [2026-04-23T21:29:08.928Z] <<< [apiv2][status] GET https://firebase-public.firebaseio.com/cli.json 200
[debug] [2026-04-23T21:29:08.928Z] <<< [apiv2][body] GET https://firebase-public.firebaseio.com/cli.json {"cloudBuildErrorAfter":1594252800000,"cloudBuildWarnAfter":1590019200000,"defaultNode10After":1594252800000,"minVersion":"3.0.5","node8DeploysDisabledAfter":1613390400000,"node8RuntimeDisabledAfter":1615809600000,"node8WarnAfter":1600128000000}
[debug] [2026-04-23T21:29:09.628Z] <<< [apiv2][status] POST https://cloudresourcemanager.googleapis.com/v1/projects 200
[debug] [2026-04-23T21:29:09.628Z] <<< [apiv2][body] POST https://cloudresourcemanager.googleapis.com/v1/projects {"name":"operations/create_project.global.6739620195741293850"}
[debug] [2026-04-23T21:29:09.630Z] Checked if tokens are valid: true, expires at: 1776983190713
[debug] [2026-04-23T21:29:09.630Z] Checked if tokens are valid: true, expires at: 1776983190713
[debug] [2026-04-23T21:29:09.630Z] >>> [apiv2][query] GET https://cloudresourcemanager.googleapis.com/v1/operations/create_project.global.6739620195741293850 [none]
[debug] [2026-04-23T21:29:10.468Z] <<< [apiv2][status] GET https://cloudresourcemanager.googleapis.com/v1/operations/create_project.global.6739620195741293850 200
[debug] [2026-04-23T21:29:10.468Z] <<< [apiv2][body] GET https://cloudresourcemanager.googleapis.com/v1/operations/create_project.global.6739620195741293850 {"name":"operations/create_project.global.6739620195741293850","metadata":{"@type":"type.googleapis.com/google.cloudresourcemanager.v1.ProjectCreationStatus","ready":true},"done":true,"error":{"code":9,"message":"Callers must accept Terms of Service","details":[{"@type":"type.googleapis.com/google.rpc.PreconditionFailure","violations":[{"type":"TOS","subject":"cloud","description":"Callers must accept Terms of Service"}]}]}}
[debug] [2026-04-23T21:29:10.470Z] FirebaseError: Callers must accept Terms of Service
    at OperationPoller.poll (C:\Users\User\AppData\Local\npm-cache\_npx\7750544ccf494d8b\node_modules\firebase-tools\lib\operation-poller.js:25:19)
    at process.processTicksAndRejections (node:internal/process/task_queues:104:5)
    at async createCloudProject (C:\Users\User\AppData\Local\npm-cache\_npx\7750544ccf494d8b\node_modules\firebase-tools\lib\management\projects.js:237:29)
    at async createFirebaseProjectAndLog (C:\Users\User\AppData\Local\npm-cache\_npx\7750544ccf494d8b\node_modules\firebase-tools\lib\management\projects.js:102:9)
[error] 
[error] Error: Failed to create project. See firebase-debug.log for more info.
